<?xml version="1.0" encoding="UTF-8"?>
<!-- Generated by org.testng.reporters.JUnitXMLReporter -->
<testsuite hostname="DESKTOP-MD85P52" ignored="0" name="Default test" tests="3" failures="0" timestamp="03 十一月 2020 07:41:05 GMT" time="0.027" errors="0">
  <testcase name="searchBaidu2" time="0.004" classname="testgit.com.TestngTest"/>
  <testcase name="searchBaidu3" time="0.001" classname="testgit.com.TestngTest"/>
  <testcase name="searchBaidu4" time="0.002" classname="testgit.com.TestngTest"/>
</testsuite> <!-- Default test -->
