<?xml version="1.0" encoding="UTF-8"?>
<!-- Generated by org.testng.reporters.JUnitXMLReporter -->
<testsuite hostname="HQGE-BLITHE-OUT" ignored="0" name="Default test" tests="4" failures="0" timestamp="11 一月 2019 08:37:08 GMT" time="0.04" errors="0">
  <testcase name="searchBaidu" time="0.011" classname="testgit.com.LaunchChrome"/>
  <testcase name="searchBaidu1" time="0.001" classname="testgit.com.LaunchChrome"/>
  <testcase name="searchBaidu2" time="0.001" classname="testgit.com.LaunchChrome"/>
  <testcase name="searchBaidu3" time="0.001" classname="testgit.com.LaunchChrome"/>
</testsuite> <!-- Default test -->
