<?xml version="1.0" encoding="UTF-8"?>
<testng-results skipped="0" failed="0" ignored="0" total="1" passed="1">
  <reporter-output>
  </reporter-output>
  <suite name="Default suite" duration-ms="11323" started-at="2019-01-15T01:38:37Z" finished-at="2019-01-15T01:38:48Z">
    <groups>
    </groups>
    <test name="Default test" duration-ms="11323" started-at="2019-01-15T01:38:37Z" finished-at="2019-01-15T01:38:48Z">
      <class name="testgit.com.LaunchChrome">
        <test-method status="PASS" signature="startChorme()[pri:0, instance:testgit.com.LaunchChrome@7c16905e]" name="startChorme" is-config="true" duration-ms="1842" started-at="2019-01-15T01:38:37Z" finished-at="2019-01-15T01:38:39Z">
          <reporter-output>
          </reporter-output>
        </test-method> <!-- startChorme -->
        <test-method status="PASS" signature="searchBaidu()[pri:0, instance:testgit.com.LaunchChrome@7c16905e]" name="searchBaidu" duration-ms="8670" started-at="2019-01-15T01:38:39Z" finished-at="2019-01-15T01:38:48Z">
          <reporter-output>
          </reporter-output>
        </test-method> <!-- searchBaidu -->
        <test-method status="PASS" signature="releaseDriver()[pri:0, instance:testgit.com.LaunchChrome@7c16905e]" name="releaseDriver" is-config="true" duration-ms="793" started-at="2019-01-15T01:38:48Z" finished-at="2019-01-15T01:38:48Z">
          <reporter-output>
          </reporter-output>
        </test-method> <!-- releaseDriver -->
      </class> <!-- testgit.com.LaunchChrome -->
    </test> <!-- Default test -->
  </suite> <!-- Default suite -->
</testng-results>
