<?xml version="1.0" encoding="UTF-8"?>
<testng-results skipped="0" failed="0" ignored="0" total="1" passed="1">
  <reporter-output>
  </reporter-output>
  <suite name="Default suite" duration-ms="15177" started-at="2019-01-14T10:35:02Z" finished-at="2019-01-14T10:35:17Z">
    <groups>
    </groups>
    <test name="Default test" duration-ms="15177" started-at="2019-01-14T10:35:02Z" finished-at="2019-01-14T10:35:17Z">
      <class name="testgit.com.LaunchChrome">
        <test-method status="PASS" signature="startChorme()[pri:0, instance:testgit.com.LaunchChrome@7c16905e]" name="startChorme" is-config="true" duration-ms="4808" started-at="2019-01-14T10:35:02Z" finished-at="2019-01-14T10:35:07Z">
          <reporter-output>
          </reporter-output>
        </test-method> <!-- startChorme -->
        <test-method status="PASS" signature="searchBaidu()[pri:0, instance:testgit.com.LaunchChrome@7c16905e]" name="searchBaidu" duration-ms="9687" started-at="2019-01-14T10:35:07Z" finished-at="2019-01-14T10:35:17Z">
          <reporter-output>
          </reporter-output>
        </test-method> <!-- searchBaidu -->
        <test-method status="PASS" signature="releaseDriver()[pri:0, instance:testgit.com.LaunchChrome@7c16905e]" name="releaseDriver" is-config="true" duration-ms="662" started-at="2019-01-14T10:35:17Z" finished-at="2019-01-14T10:35:17Z">
          <reporter-output>
          </reporter-output>
        </test-method> <!-- releaseDriver -->
      </class> <!-- testgit.com.LaunchChrome -->
    </test> <!-- Default test -->
  </suite> <!-- Default suite -->
</testng-results>
